<?xml version="1.0" encoding="UTF-8"?>
<testsuite xmlns:xsi="http://www.w3.org/2001/XMLSchema-instance" xsi:noNamespaceSchemaLocation="https://maven.apache.org/surefire/maven-surefire-plugin/xsd/surefire-test-report-3.0.xsd" version="3.0" name="com.fredvp.statisticalcalculator.SampleTest" time="0.029" tests="3" errors="0" skipped="0" failures="0">
  <properties>
    <property name="sun.desktop" value="windows"/>
    <property name="awt.toolkit" value="sun.awt.windows.WToolkit"/>
    <property name="file.encoding.pkg" value="sun.io"/>
    <property name="java.specification.version" value="1.8"/>
    <property name="sun.cpu.isalist" value="amd64"/>
    <property name="sun.jnu.encoding" value="Cp1252"/>
    <property name="java.class.path" value="C:\Users\Feu&apos;s m15 R6\Documents\NetBeansProjects\StatisticalCalculator\target\test-classes;C:\Users\Feu&apos;s m15 R6\Documents\NetBeansProjects\StatisticalCalculator\target\classes;C:\Users\Feu&apos;s m15 R6\.m2\repository\org\junit\jupiter\junit-jupiter-api\5.6.0\junit-jupiter-api-5.6.0.jar;C:\Users\Feu&apos;s m15 R6\.m2\repository\org\apiguardian\apiguardian-api\1.1.0\apiguardian-api-1.1.0.jar;C:\Users\Feu&apos;s m15 R6\.m2\repository\org\opentest4j\opentest4j\1.2.0\opentest4j-1.2.0.jar;C:\Users\Feu&apos;s m15 R6\.m2\repository\org\junit\platform\junit-platform-commons\1.6.0\junit-platform-commons-1.6.0.jar;C:\Users\Feu&apos;s m15 R6\.m2\repository\org\junit\jupiter\junit-jupiter-params\5.6.0\junit-jupiter-params-5.6.0.jar;C:\Users\Feu&apos;s m15 R6\.m2\repository\org\junit\jupiter\junit-jupiter-engine\5.6.0\junit-jupiter-engine-5.6.0.jar;C:\Users\Feu&apos;s m15 R6\.m2\repository\org\junit\platform\junit-platform-engine\1.6.0\junit-platform-engine-1.6.0.jar;"/>
    <property name="java.vm.vendor" value="Oracle Corporation"/>
    <property name="sun.arch.data.model" value="64"/>
    <property name="user.variant" value=""/>
    <property name="java.vendor.url" value="http://java.oracle.com/"/>
    <property name="user.timezone" value="America/Sao_Paulo"/>
    <property name="java.vm.specification.version" value="1.8"/>
    <property name="os.name" value="Windows 10"/>
    <property name="sun.java.launcher" value="SUN_STANDARD"/>
    <property name="user.country" value="US"/>
    <property name="sun.boot.library.path" value="C:\Program Files\Java\jdk1.8.0_271\jre\bin"/>
    <property name="sun.java.command" value="C:\Users\Feu&apos;s m15 R6\AppData\Local\Temp\surefire1454148442147017004\surefirebooter-20220621191113833_3.jar C:\Users\Feu&apos;s m15 R6\AppData\Local\Temp\surefire1454148442147017004 2022-06-21T19-11-13_503-jvmRun1 surefire-20220621191113833_1tmp surefire_0-20220621191113833_2tmp"/>
    <property name="test" value="com.fredvp.statisticalcalculator.SampleTest"/>
    <property name="surefire.test.class.path" value="C:\Users\Feu&apos;s m15 R6\Documents\NetBeansProjects\StatisticalCalculator\target\test-classes;C:\Users\Feu&apos;s m15 R6\Documents\NetBeansProjects\StatisticalCalculator\target\classes;C:\Users\Feu&apos;s m15 R6\.m2\repository\org\junit\jupiter\junit-jupiter-api\5.6.0\junit-jupiter-api-5.6.0.jar;C:\Users\Feu&apos;s m15 R6\.m2\repository\org\apiguardian\apiguardian-api\1.1.0\apiguardian-api-1.1.0.jar;C:\Users\Feu&apos;s m15 R6\.m2\repository\org\opentest4j\opentest4j\1.2.0\opentest4j-1.2.0.jar;C:\Users\Feu&apos;s m15 R6\.m2\repository\org\junit\platform\junit-platform-commons\1.6.0\junit-platform-commons-1.6.0.jar;C:\Users\Feu&apos;s m15 R6\.m2\repository\org\junit\jupiter\junit-jupiter-params\5.6.0\junit-jupiter-params-5.6.0.jar;C:\Users\Feu&apos;s m15 R6\.m2\repository\org\junit\jupiter\junit-jupiter-engine\5.6.0\junit-jupiter-engine-5.6.0.jar;C:\Users\Feu&apos;s m15 R6\.m2\repository\org\junit\platform\junit-platform-engine\1.6.0\junit-platform-engine-1.6.0.jar;"/>
    <property name="sun.cpu.endian" value="little"/>
    <property name="user.home" value="C:\Users\Feu&apos;s m15 R6"/>
    <property name="user.language" value="en"/>
    <property name="java.specification.vendor" value="Oracle Corporation"/>
    <property name="java.home" value="C:\Program Files\Java\jdk1.8.0_271\jre"/>
    <property name="basedir" value="C:\Users\Feu&apos;s m15 R6\Documents\NetBeansProjects\StatisticalCalculator"/>
    <property name="file.separator" value="\"/>
    <property name="line.separator" value="&#10;"/>
    <property name="java.vm.specification.vendor" value="Oracle Corporation"/>
    <property name="java.specification.name" value="Java Platform API Specification"/>
    <property name="java.awt.graphicsenv" value="sun.awt.Win32GraphicsEnvironment"/>
    <property name="surefire.real.class.path" value="C:\Users\Feu&apos;s m15 R6\AppData\Local\Temp\surefire1454148442147017004\surefirebooter-20220621191113833_3.jar"/>
    <property name="sun.boot.class.path" value="C:\Program Files\Java\jdk1.8.0_271\jre\lib\resources.jar;C:\Program Files\Java\jdk1.8.0_271\jre\lib\rt.jar;C:\Program Files\Java\jdk1.8.0_271\jre\lib\sunrsasign.jar;C:\Program Files\Java\jdk1.8.0_271\jre\lib\jsse.jar;C:\Program Files\Java\jdk1.8.0_271\jre\lib\jce.jar;C:\Program Files\Java\jdk1.8.0_271\jre\lib\charsets.jar;C:\Program Files\Java\jdk1.8.0_271\jre\lib\jfr.jar;C:\Program Files\Java\jdk1.8.0_271\jre\classes"/>
    <property name="user.script" value=""/>
    <property name="sun.management.compiler" value="HotSpot 64-Bit Tiered Compilers"/>
    <property name="java.runtime.version" value="1.8.0_271-b09"/>
    <property name="user.name" value="Feu&apos;s m15 R6"/>
    <property name="path.separator" value=";"/>
    <property name="os.version" value="10.0"/>
    <property name="java.endorsed.dirs" value="C:\Program Files\Java\jdk1.8.0_271\jre\lib\endorsed"/>
    <property name="java.runtime.name" value="Java(TM) SE Runtime Environment"/>
    <property name="file.encoding" value="UTF-8"/>
    <property name="java.vm.name" value="Java HotSpot(TM) 64-Bit Server VM"/>
    <property name="maven.ext.class.path" value="C:\Program Files\NetBeans-13\netbeans\java\maven-nblib\netbeans-eventspy.jar"/>
    <property name="localRepository" value="C:\Users\Feu&apos;s m15 R6\.m2\repository"/>
    <property name="java.vendor.url.bug" value="http://bugreport.sun.com/bugreport/"/>
    <property name="java.io.tmpdir" value="C:\Users\FEU&apos;SM~1\AppData\Local\Temp\"/>
    <property name="java.version" value="1.8.0_271"/>
    <property name="user.dir" value="C:\Users\Feu&apos;s m15 R6\Documents\NetBeansProjects\StatisticalCalculator"/>
    <property name="os.arch" value="amd64"/>
    <property name="java.vm.specification.name" value="Java Virtual Machine Specification"/>
    <property name="java.awt.printerjob" value="sun.awt.windows.WPrinterJob"/>
    <property name="sun.os.patch.level" value=""/>
    <property name="java.library.path" value="C:\Program Files\Java\jdk1.8.0_271\jre\bin;C:\Windows\Sun\Java\bin;C:\Windows\system32;C:\Windows;C:\Program Files (x86)\Common Files\Oracle\Java\javapath;C:\Windows\system32;C:\Windows;C:\Windows\System32\Wbem;C:\Windows\System32\WindowsPowerShell\v1.0\;C:\Windows\System32\OpenSSH\;C:\Program Files (x86)\NVIDIA Corporation\PhysX\Common;C:\Program Files\NVIDIA Corporation\NVIDIA NvDLISR;C:\Program Files\nodejs\;C:\Program Files\dotnet\;C:\Program Files\Git\cmd;C:\ProgramData\KINDZAudio;C:\Program Files\PuTTY\;C:\Program Files\Microsoft SQL Server\120\Tools\Binn\;C:\Program Files\Common Files\Autodesk Shared\;C:\Users\Feu&apos;s m15 R6\AppData\Local\Programs\Python\Python310\Scripts\;C:\Users\Feu&apos;s m15 R6\AppData\Local\Programs\Python\Python310\;C:\Users\Feu&apos;s m15 R6\AppData\Local\Microsoft\WindowsApps;C:\Users\Feu&apos;s m15 R6\AppData\Local\Programs\Microsoft VS Code\bin;C:\Users\Feu&apos;s m15 R6\AppData\Roaming\npm;C:\Users\Feu&apos;s m15 R6\.dotnet\tools;C:\Program Files (x86)\GitHub CLI\;C:\Users\Public\sdk\flutter\bin;;."/>
    <property name="java.vm.info" value="mixed mode"/>
    <property name="java.vendor" value="Oracle Corporation"/>
    <property name="java.vm.version" value="25.271-b09"/>
    <property name="java.ext.dirs" value="C:\Program Files\Java\jdk1.8.0_271\jre\lib\ext;C:\Windows\Sun\Java\lib\ext"/>
    <property name="sun.io.unicode.encoding" value="UnicodeLittle"/>
    <property name="java.class.version" value="52.0"/>
  </properties>
  <testcase name="testMean" classname="com.fredvp.statisticalcalculator.SampleTest" time="0.013">
    <system-out><![CDATA[ArrayList
-----------------
[1.1, 0.9, 2.0, 2.0, 2.0, 3.0, 3.0]
The entered sample is: [1.1, 0.9, 2.0, 2.0, 2.0, 3.0, 3.0]
ArrayList
-----------------
[3.0, 3.0, 4.0, 5.0, 8.0, 10.0]
The entered sample is: [3.0, 3.0, 4.0, 5.0, 8.0, 10.0]
mean test
]]></system-out>
  </testcase>
  <testcase name="testModa" classname="com.fredvp.statisticalcalculator.SampleTest" time="0.001">
    <system-out><![CDATA[moda test
max count for 3.0 is 2
max count for 1.1 is 1
max count for 2.0 is 3
]]></system-out>
  </testcase>
  <testcase name="testMedian" classname="com.fredvp.statisticalcalculator.SampleTest" time="0.001">
    <system-out><![CDATA[median test
]]></system-out>
  </testcase>
</testsuite>